#
# There is insufficient memory for the Java Runtime Environment to continue.
# Native memory allocation (malloc) failed to allocate 1048576 bytes for AllocateHeap
# Possible reasons:
#   The system is out of physical RAM or swap space
#   In 32 bit mode, the process size limit was hit
# Possible solutions:
#   Reduce memory load on the system
#   Increase physical memory or swap space
#   Check if swap backing store is full
#   Use 64 bit Java on a 64 bit OS
#   Decrease Java heap size (-Xmx/-Xms)
#   Decrease number of Java threads
#   Decrease Java thread stack sizes (-Xss)
#   Set larger code cache with -XX:ReservedCodeCacheSize=
# This output file may be truncated or incomplete.
#
#  Out of Memory Error (memory/allocation.inline.hpp:61), pid=21640, tid=0x0000000000005cf4
#
# JRE version:  (8.0_101-b13) (build )
# Java VM: Java HotSpot(TM) 64-Bit Server VM (25.101-b13 mixed mode windows-amd64 compressed oops)
# Failed to write core dump. Minidumps are not enabled by default on client versions of Windows
#

---------------  T H R E A D  ---------------

Current thread (0x00000000033e3800):  JavaThread "Unknown thread" [_thread_in_vm, id=23796, stack(0x00000000030f0000,0x00000000031f0000)]

Stack: [0x00000000030f0000,0x00000000031f0000]
[error occurred during error reporting (printing stack bounds), id 0xc0000005]

Native frames: (J=compiled Java code, j=interpreted, Vv=VM code, C=native code)


---------------  P R O C E S S  ---------------

Java Threads: ( => current thread )

Other Threads:

=>0x00000000033e3800 (exited) JavaThread "Unknown thread" [_thread_in_vm, id=23796, stack(0x00000000030f0000,0x00000000031f0000)]

VM state:not at safepoint (normal execution)

VM Mutex/Monitor currently owned by a thread: None

Heap:
 PSYoungGen      total 75776K, used 1300K [0x000000076b900000, 0x0000000770d80000, 0x00000007c0000000)
  eden space 65024K, 2% used [0x000000076b900000,0x000000076ba451f8,0x000000076f880000)
  from space 10752K, 0% used [0x0000000770300000,0x0000000770300000,0x0000000770d80000)
  to   space 10752K, 0% used [0x000000076f880000,0x000000076f880000,0x0000000770300000)
 ParOldGen       total 173568K, used 0K [0x00000006c2a00000, 0x00000006cd380000, 0x000000076b900000)
  object space 173568K, 0% used [0x00000006c2a00000,0x00000006c2a00000,0x00000006cd380000)
 Metaspace       used 769K, capacity 4480K, committed 4480K, reserved 1056768K
  class space    used 75K, capacity 384K, committed 384K, reserved 1048576K

Card table byte_map: [0x00000000128a0000,0x0000000013090000] byte_map_base: 0x000000000f28b000

Marking Bits: (ParMarkBitMap*) 0x0000000054aca6d0
 Begin Bits: [0x0000000013de0000, 0x0000000017d38000)
 End Bits:   [0x0000000017d38000, 0x000000001bc90000)

Polling page: 0x00000000014b0000

CodeCache: size=245760Kb used=328Kb max_used=328Kb free=245431Kb
 bounds [0x00000000034e0000, 0x0000000003750000, 0x00000000124e0000]
 total_blobs=58 nmethods=0 adapters=38
 compilation: enabled

Compilation events (0 events):
No events

GC Heap History (0 events):
No events

Deoptimization events (0 events):
No events

Internal exceptions (0 events):
No events

Events (10 events):
Event: 0.034 loading class java/lang/Short
Event: 0.034 loading class java/lang/Short done
Event: 0.034 loading class java/lang/Integer
Event: 0.034 loading class java/lang/Integer done
Event: 0.034 loading class java/lang/Long
Event: 0.034 loading class java/lang/Long done
Event: 0.034 loading class java/lang/NullPointerException
Event: 0.035 loading class java/lang/NullPointerException done
Event: 0.035 loading class java/lang/ArithmeticException
Event: 0.035 loading class java/lang/ArithmeticException done


Dynamic libraries:
0x00007ff65b330000 - 0x00007ff65b367000 	C:\Program Files\Java\jdk1.8.0_101\bin\java.exe
0x00007ff8c2bb0000 - 0x00007ff8c2da8000 	C:\WINDOWS\SYSTEM32\ntdll.dll
0x00007ff8c19b0000 - 0x00007ff8c1a6f000 	C:\WINDOWS\System32\KERNEL32.DLL
0x00007ff8c0500000 - 0x00007ff8c07f6000 	C:\WINDOWS\System32\KERNELBASE.dll
0x00007ff8c1820000 - 0x00007ff8c18cf000 	C:\WINDOWS\System32\ADVAPI32.dll
0x00007ff8c2060000 - 0x00007ff8c20fe000 	C:\WINDOWS\System32\msvcrt.dll
0x00007ff8c1380000 - 0x00007ff8c141c000 	C:\WINDOWS\System32\sechost.dll
0x00007ff8c1a70000 - 0x00007ff8c1b96000 	C:\WINDOWS\System32\RPCRT4.dll
0x00007ff8c1420000 - 0x00007ff8c15bd000 	C:\WINDOWS\System32\USER32.dll
0x00007ff8c0990000 - 0x00007ff8c09b2000 	C:\WINDOWS\System32\win32u.dll
0x00007ff8c1620000 - 0x00007ff8c164c000 	C:\WINDOWS\System32\GDI32.dll
0x00007ff8c0870000 - 0x00007ff8c0985000 	C:\WINDOWS\System32\gdi32full.dll
0x00007ff8c09c0000 - 0x00007ff8c0a5d000 	C:\WINDOWS\System32\msvcp_win.dll
0x00007ff8c0290000 - 0x00007ff8c0390000 	C:\WINDOWS\System32\ucrtbase.dll
0x00007ff8aa4b0000 - 0x00007ff8aa74a000 	C:\WINDOWS\WinSxS\amd64_microsoft.windows.common-controls_6595b64144ccf1df_6.0.19041.1110_none_60b5254171f9507e\COMCTL32.dll
0x00007ff8c1ba0000 - 0x00007ff8c1bd0000 	C:\WINDOWS\System32\IMM32.DLL
0x0000000055090000 - 0x0000000055162000 	C:\Program Files\Java\jdk1.8.0_101\jre\bin\msvcr100.dll
0x00000000542b0000 - 0x0000000054b4a000 	C:\Program Files\Java\jdk1.8.0_101\jre\bin\server\jvm.dll
0x00007ff8c1360000 - 0x00007ff8c1368000 	C:\WINDOWS\System32\PSAPI.DLL
0x00007ff8aa480000 - 0x00007ff8aa4a7000 	C:\WINDOWS\SYSTEM32\WINMM.dll
0x00007ff8b2e10000 - 0x00007ff8b2e1a000 	C:\WINDOWS\SYSTEM32\VERSION.dll
0x00007ff8a57c0000 - 0x00007ff8a57c9000 	C:\WINDOWS\SYSTEM32\WSOCK32.dll
0x00007ff8c29f0000 - 0x00007ff8c2a5b000 	C:\WINDOWS\System32\WS2_32.dll
0x0000000055080000 - 0x000000005508f000 	C:\Program Files\Java\jdk1.8.0_101\jre\bin\verify.dll
0x0000000055050000 - 0x0000000055079000 	C:\Program Files\Java\jdk1.8.0_101\jre\bin\java.dll
0x0000000054280000 - 0x00000000542a3000 	C:\Program Files\Java\jdk1.8.0_101\jre\bin\instrument.dll
0x0000000055030000 - 0x0000000055046000 	C:\Program Files\Java\jdk1.8.0_101\jre\bin\zip.dll

VM Arguments:
jvm_args: -javaagent:D:\ideaIU\IntelliJ IDEA 2020.1\lib\idea_rt.jar=14727:D:\ideaIU\IntelliJ IDEA 2020.1\bin -Dfile.encoding=UTF-8 
java_command: cn.itcast.n4.deadlock.TestDeadLock
java_class_path (initial): C:\Program Files\Java\jdk1.8.0_101\jre\lib\charsets.jar;C:\Program Files\Java\jdk1.8.0_101\jre\lib\deploy.jar;C:\Program Files\Java\jdk1.8.0_101\jre\lib\ext\access-bridge-64.jar;C:\Program Files\Java\jdk1.8.0_101\jre\lib\ext\cldrdata.jar;C:\Program Files\Java\jdk1.8.0_101\jre\lib\ext\dnsns.jar;C:\Program Files\Java\jdk1.8.0_101\jre\lib\ext\jaccess.jar;C:\Program Files\Java\jdk1.8.0_101\jre\lib\ext\jfxrt.jar;C:\Program Files\Java\jdk1.8.0_101\jre\lib\ext\localedata.jar;C:\Program Files\Java\jdk1.8.0_101\jre\lib\ext\nashorn.jar;C:\Program Files\Java\jdk1.8.0_101\jre\lib\ext\sunec.jar;C:\Program Files\Java\jdk1.8.0_101\jre\lib\ext\sunjce_provider.jar;C:\Program Files\Java\jdk1.8.0_101\jre\lib\ext\sunmscapi.jar;C:\Program Files\Java\jdk1.8.0_101\jre\lib\ext\sunpkcs11.jar;C:\Program Files\Java\jdk1.8.0_101\jre\lib\ext\zipfs.jar;C:\Program Files\Java\jdk1.8.0_101\jre\lib\javaws.jar;C:\Program Files\Java\jdk1.8.0_101\jre\lib\jce.jar;C:\Program Files\Java\jdk1.8.0_101\jre\lib\jfr.jar;C:\Program Files\Java\jdk1.8.0_101\jre\lib\jfxswt.jar;C:\Program Files\Java\jdk1.8.0_101\jre\lib\jsse.jar;C:\Program Files\Java\jdk1.8.0_101\jre\lib\management-agent.jar;C:\Program Files\Java\jdk1.8.0_101\jre\lib\plugin.jar;C:\Program Files\Java\jdk1.8.0_101\jre\lib\resources.jar;C:\Program Files\Java\jdk1.8.0_101\jre\lib\rt.jar;F:\java并发编程\并发编程代码\concurrent\case_java8\target\classes;F:\.m2\repository2\com\fasterxml\jackson\core\jackson-databind\2.10.0\jackson-databind-2.10.0.jar;F:\.m2\repository2\com\fasterxml\jackson\core\jackson-annotations\2.10.0\jackson-annotations-2.10.0.jar;F:\.m2\repository2\com\fasterxml\jackson\core\jackson-core\2.10.0\jackson-core-2.10.0.jar;F:\.m2\repository2\org\projectlombok\lombok\1.18.10\lombok-1.18.10.jar;F:\.m2\repository2\org\springframework\spring-context\5.2.0.RELEASE\spring-context-5.2.0.RELEASE.jar;F:\.m2\repository2\org\springframework\spring-aop\5.2.0.RELEASE\spring-aop-5.2.0.RELEASE.jar;F:\.m2\repository2\org\spr
Launcher Type: SUN_STANDARD

Environment Variables:
JAVA_HOME=C:\Program Files\Java\jdk1.8.0_101
CLASSPATH= .;C:\Program Files\Java\jdk1.8.0_101\lib\dt.jar;C:\Program Files\Java\jdk1.8.0_101\lib\tools.jar;
PATH=C:\ProgramData\Oracle\Java\javapath;C:\Windows\system32;C:\Windows;C:\Windows\System32\Wbem;C:\Windows\System32\WindowsPowerShell\v1.0\;C:\Windows\System32\OpenSSH\;C:\Program Files (x86)\NVIDIA Corporation\PhysX\Common;C:\Program Files\NVIDIA Corporation\NVIDIA NvDLISR;C:\Program Files (x86)\Microsoft SQL Server\100\Tools\Binn\;C:\Program Files\Microsoft SQL Server\100\Tools\Binn\;C:\Program Files\Microsoft SQL Server\100\DTS\Binn\;C:\Program Files (x86)\Microsoft SQL Server\100\DTS\Binn\;C:\Program Files (x86)\Microsoft SQL Server\100\Tools\Binn\VSShell\Common7\IDE\;C:\Program Files (x86)\Microsoft Visual Studio 9.0\Common7\IDE\PrivateAssemblies\;C:\WINDOWS\system32;C:\WINDOWS;F:\apache-maven-3.9.3\apache-maven-3.9.3\bin;C:\WINDOWS\System32\Wbem;C:\WINDOWS\System32\WindowsPowerShell\v1.0\;C:\WINDOWS\System32\OpenSSH\;F:\apache-maven-3.8.4\bin;C:\Program Files\TortoiseGit\bin;F:\nodejs;F:\mysql\mysql-8.0.27-winx64\bin;E:\南京vpn\OpenVPN\bin;E;F:\workspace\cqgd\uniflow\src\main\webpack\src\common\script\phantomjs\v2.1.1\window;F:\git\Git\cmd;F:\nodejs\;F:\openVpn\bin;F:\mysql-8.0.27-winx64-debug-test\mysql-8.0.27-winx64\bin;F:\redis\;F:\rabbitmq\erl-24.2\bin;F:\rocketmq\rocketmq-all-4.9.2-bin-release\rocketmq-4.9.2\bin;%JAVA_HOME%\jre\bin;%JAVA_HOME%\bin;F:\apache-maven-3.8.8-bin\apache-maven-3.8.8\bin;C:\Users\zhangruijia\AppData\Local\Microsoft\WindowsApps;D:\ideaIU\IntelliJ IDEA 2020.1\bin;";C:\Program Files (x86)\Java\jdk1.7.0\bin;C:\Program Files (x86)\Java\jdk1.7.0\jre\bin;C:\Program Files (x86)\Tencent\QQGameTempest\Hall.57734\;C:\Users\zhangruijia\AppData\Roaming\npm";F:\nodejs\node_global;C:\Program Files (x86)\Java\jdk1.7.0\bin;C:\Program Files (x86)\Java\jdk1.7.0\jre\bin;C:\Users\zhangruijia\AppData\Local\gitkraken\bin;E:\Microsoft VS Code\Microsoft VS Code\bin;C:\Users\zhangruijia\AppData\Roaming\npm
USERNAME=zhangruijia
OS=Windows_NT
PROCESSOR_IDENTIFIER=Intel64 Family 6 Model 142 Stepping 12, GenuineIntel



---------------  S Y S T E M  ---------------

OS: Windows 10.0 , 64 bit Build 19041 (10.0.19041.3155)

CPU:total 8 (4 cores per cpu, 2 threads per core) family 6 model 142 stepping 12, cmov, cx8, fxsr, mmx, sse, sse2, sse3, ssse3, sse4.1, sse4.2, popcnt, avx, avx2, aes, clmul, erms, 3dnowpref, lzcnt, ht, tsc, tscinvbit, bmi1, bmi2, adx

Memory: 4k page, physical 16603188k(1294920k free), swap 34387832k(5896k free)

vm_info: Java HotSpot(TM) 64-Bit Server VM (25.101-b13) for windows-amd64 JRE (1.8.0_101-b13), built on Jun 22 2016 01:21:29 by "java_re" with MS VC++ 10.0 (VS2010)

time: Mon Sep 04 16:59:36 2023
elapsed time: 0 seconds (0d 0h 0m 0s)

